<?xml version="1.0" encoding="UTF-8"?>
<coverage generated="1623663498682" clover="3.2.0">
  <project timestamp="1623663498682" name="All files">
    <metrics statements="25" coveredstatements="14" conditionals="8" coveredconditionals="5" methods="15" coveredmethods="5" elements="48" coveredelements="24" complexity="0" loc="25" ncloc="25" packages="2" files="3" classes="3"/>
    <package name="js">
      <metrics statements="3" coveredstatements="3" conditionals="0" coveredconditionals="0" methods="1" coveredmethods="1"/>
      <file name="utils.js" path="/home/wintan1418/desktop/TO-DO-LIST/src/js/utils.js">
        <metrics statements="3" coveredstatements="3" conditionals="0" coveredconditionals="0" methods="1" coveredmethods="1"/>
        <line num="1" count="2" type="stmt"/>
        <line num="6" count="5" type="stmt"/>
        <line num="7" count="5" type="stmt"/>
      </file>
    </package>
    <package name="js.models">
      <metrics statements="22" coveredstatements="11" conditionals="8" coveredconditionals="5" methods="14" coveredmethods="4"/>
      <file name="project.js" path="/home/wintan1418/desktop/TO-DO-LIST/src/js/models/project.js">
        <metrics statements="4" coveredstatements="3" conditionals="2" coveredconditionals="2" methods="4" coveredmethods="2"/>
        <line num="5" count="1" type="stmt"/>
        <line num="6" count="1" type="stmt"/>
        <line num="10" count="0" type="stmt"/>
        <line num="14" count="4" type="cond" truecount="2" falsecount="0"/>
      </file>
      <file name="todo.js" path="/home/wintan1418/desktop/TO-DO-LIST/src/js/models/todo.js">
        <metrics statements="18" coveredstatements="8" conditionals="6" coveredconditionals="3" methods="10" coveredmethods="2"/>
        <line num="5" count="4" type="stmt"/>
        <line num="6" count="4" type="stmt"/>
        <line num="7" count="4" type="stmt"/>
        <line num="8" count="4" type="stmt"/>
        <line num="9" count="4" type="stmt"/>
        <line num="10" count="4" type="cond" truecount="1" falsecount="1"/>
        <line num="14" count="0" type="cond" truecount="0" falsecount="2"/>
        <line num="15" count="0" type="stmt"/>
        <line num="19" count="0" type="stmt"/>
        <line num="21" count="0" type="stmt"/>
        <line num="22" count="0" type="stmt"/>
        <line num="26" count="0" type="stmt"/>
        <line num="30" count="1" type="cond" truecount="2" falsecount="0"/>
        <line num="32" count="1" type="stmt"/>
        <line num="36" count="0" type="stmt"/>
        <line num="40" count="0" type="stmt"/>
        <line num="42" count="0" type="stmt"/>
        <line num="43" count="0" type="stmt"/>
      </file>
    </package>
  </project>
</coverage>
