TN:
SF:src/js/utils.js
FN:5,randomID
FNF:1
FNH:1
FNDA:5,randomID
DA:1,2
DA:6,5
DA:7,5
LF:3
LH:3
BRF:0
BRH:0
end_of_record
TN:
SF:src/js/models/project.js
FN:4,(anonymous_0)
FN:9,(anonymous_1)
FN:10,(anonymous_2)
FN:13,(anonymous_3)
FNF:4
FNH:2
FNDA:1,(anonymous_0)
FNDA:0,(anonymous_1)
FNDA:0,(anonymous_2)
FNDA:4,(anonymous_3)
DA:5,1
DA:6,1
DA:10,0
DA:14,4
LF:4
LH:3
BRDA:14,0,0,4
BRDA:14,0,1,4
BRF:2
BRH:2
end_of_record
TN:
SF:src/js/models/todo.js
FN:4,(anonymous_0)
FN:13,(anonymous_1)
FN:14,(anonymous_2)
FN:18,(anonymous_3)
FN:25,(anonymous_4)
FN:26,(anonymous_5)
FN:29,(anonymous_6)
FN:32,(anonymous_7)
FN:35,(anonymous_8)
FN:39,(anonymous_9)
FNF:10
FNH:2
FNDA:4,(anonymous_0)
FNDA:0,(anonymous_1)
FNDA:0,(anonymous_2)
FNDA:0,(anonymous_3)
FNDA:0,(anonymous_4)
FNDA:0,(anonymous_5)
FNDA:1,(anonymous_6)
FNDA:0,(anonymous_7)
FNDA:0,(anonymous_8)
FNDA:0,(anonymous_9)
DA:5,4
DA:6,4
DA:7,4
DA:8,4
DA:9,4
DA:10,4
DA:14,0
DA:15,0
DA:19,0
DA:21,0
DA:22,0
DA:26,0
DA:30,1
DA:32,1
DA:36,0
DA:40,0
DA:42,0
DA:43,0
LF:18
LH:8
BRDA:10,0,0,0
BRDA:10,0,1,4
BRDA:14,1,0,0
BRDA:14,1,1,0
BRDA:30,2,0,1
BRDA:30,2,1,1
BRF:6
BRH:3
end_of_record
